0 verbose cli /usr/local/bin/node /usr/local/bin/npm
1 info using npm@10.9.2
2 info using node@v22.16.0
3 silly config load:file:/usr/local/lib/node_modules/npm/npmrc
4 silly config load:file:/Users/otisdoan/Documents/MLN111/dau-tranh-giai-cap/.npmrc
5 silly config load:file:/Users/otisdoan/.npmrc
6 silly config load:file:/usr/local/etc/npmrc
7 verbose title npm install reactflow
8 verbose argv "install" "reactflow" "--cache" ".npm-cache"
9 verbose logfile logs-max:10 dir:/Users/otisdoan/Documents/MLN111/dau-tranh-giai-cap/.npm-cache/_logs/2025-12-10T10_17_26_783Z-
10 verbose logfile /Users/otisdoan/Documents/MLN111/dau-tranh-giai-cap/.npm-cache/_logs/2025-12-10T10_17_26_783Z-debug-0.log
11 silly logfile done cleaning log files
12 silly packumentCache heap:4345298944 maxSize:1086324736 maxEntrySize:543162368
13 silly idealTree buildDeps
14 silly fetch manifest reactflow@*
15 silly packumentCache full:https://registry.npmjs.org/reactflow cache-miss
16 http fetch GET 200 https://registry.npmjs.org/reactflow 386ms (cache miss)
17 silly packumentCache full:https://registry.npmjs.org/reactflow set size:undefined disposed:false
18 silly fetch manifest react@19.2.1
19 silly packumentCache full:https://registry.npmjs.org/react cache-miss
20 http cache https://registry.npmjs.org/react 11ms (cache hit)
21 silly packumentCache full:https://registry.npmjs.org/react set size:6316705 disposed:false
22 silly fetch manifest react-dom@19.2.1
23 silly packumentCache full:https://registry.npmjs.org/react-dom cache-miss
24 http fetch GET 200 https://registry.npmjs.org/react-dom 1071ms (cache miss)
25 silly packumentCache full:https://registry.npmjs.org/react-dom set size:undefined disposed:false
26 silly placeDep ROOT reactflow@11.11.4 OK for: dau-tranh-giai-cap@0.1.0 want: *
27 silly fetch manifest @reactflow/minimap@11.7.14
28 silly packumentCache full:https://registry.npmjs.org/@reactflow%2fminimap cache-miss
29 silly fetch manifest @reactflow/node-resizer@2.2.14
30 silly packumentCache full:https://registry.npmjs.org/@reactflow%2fnode-resizer cache-miss
31 silly fetch manifest @reactflow/background@11.3.14
32 silly packumentCache full:https://registry.npmjs.org/@reactflow%2fbackground cache-miss
33 silly fetch manifest @reactflow/node-toolbar@1.3.14
34 silly packumentCache full:https://registry.npmjs.org/@reactflow%2fnode-toolbar cache-miss
35 silly fetch manifest @reactflow/core@11.11.4
36 silly packumentCache full:https://registry.npmjs.org/@reactflow%2fcore cache-miss
37 silly fetch manifest @reactflow/controls@11.2.14
38 silly packumentCache full:https://registry.npmjs.org/@reactflow%2fcontrols cache-miss
39 http fetch GET 200 https://registry.npmjs.org/@reactflow%2fminimap 333ms (cache miss)
40 silly packumentCache full:https://registry.npmjs.org/@reactflow%2fminimap set size:undefined disposed:false
41 http fetch GET 200 https://registry.npmjs.org/@reactflow%2fnode-resizer 686ms (cache miss)
42 silly packumentCache full:https://registry.npmjs.org/@reactflow%2fnode-resizer set size:undefined disposed:false
43 http fetch GET 200 https://registry.npmjs.org/@reactflow%2fbackground 721ms (cache miss)
44 silly packumentCache full:https://registry.npmjs.org/@reactflow%2fbackground set size:undefined disposed:false
45 http fetch GET 200 https://registry.npmjs.org/@reactflow%2fnode-toolbar 724ms (cache miss)
46 silly packumentCache full:https://registry.npmjs.org/@reactflow%2fnode-toolbar set size:undefined disposed:false
47 http fetch GET 200 https://registry.npmjs.org/@reactflow%2fcore 726ms (cache miss)
48 silly packumentCache full:https://registry.npmjs.org/@reactflow%2fcore set size:undefined disposed:false
49 http fetch GET 200 https://registry.npmjs.org/@reactflow%2fcontrols 1128ms (cache miss)
50 silly packumentCache full:https://registry.npmjs.org/@reactflow%2fcontrols set size:undefined disposed:false
51 silly fetch manifest react@>=17
52 silly packumentCache full:https://registry.npmjs.org/react cache-miss
53 http cache https://registry.npmjs.org/react 11ms (cache hit)
54 silly packumentCache full:https://registry.npmjs.org/react set size:6316705 disposed:false
55 silly fetch manifest react-dom@>=17
56 silly packumentCache full:https://registry.npmjs.org/react-dom cache-miss
57 http cache https://registry.npmjs.org/react-dom 12ms (cache hit)
58 silly packumentCache full:https://registry.npmjs.org/react-dom set size:8296448 disposed:false
59 silly placeDep ROOT @reactflow/background@11.3.14 OK for: reactflow@11.11.4 want: 11.3.14
60 silly placeDep ROOT @reactflow/controls@11.2.14 OK for: reactflow@11.11.4 want: 11.2.14
61 silly placeDep ROOT @reactflow/core@11.11.4 OK for: reactflow@11.11.4 want: 11.11.4
62 silly placeDep ROOT @reactflow/minimap@11.7.14 OK for: reactflow@11.11.4 want: 11.7.14
63 silly placeDep ROOT @reactflow/node-resizer@2.2.14 OK for: reactflow@11.11.4 want: 2.2.14
64 silly placeDep ROOT @reactflow/node-toolbar@1.3.14 OK for: reactflow@11.11.4 want: 1.3.14
65 silly fetch manifest classcat@^5.0.3
66 silly packumentCache full:https://registry.npmjs.org/classcat cache-miss
67 silly fetch manifest zustand@^4.4.1
68 silly packumentCache full:https://registry.npmjs.org/zustand cache-miss
69 silly fetch manifest classcat@^5.0.3
70 silly packumentCache full:https://registry.npmjs.org/classcat cache-miss
71 silly fetch manifest zustand@^4.4.1
72 silly packumentCache full:https://registry.npmjs.org/zustand cache-miss
73 silly fetch manifest @types/d3@^7.4.0
74 silly packumentCache full:https://registry.npmjs.org/@types%2fd3 cache-miss
75 silly fetch manifest @types/d3-drag@^3.0.1
76 silly packumentCache full:https://registry.npmjs.org/@types%2fd3-drag cache-miss
77 silly fetch manifest @types/d3-selection@^3.0.3
78 silly packumentCache full:https://registry.npmjs.org/@types%2fd3-selection cache-miss
79 silly fetch manifest @types/d3-zoom@^3.0.1
80 silly packumentCache full:https://registry.npmjs.org/@types%2fd3-zoom cache-miss
81 silly fetch manifest classcat@^5.0.3
82 silly packumentCache full:https://registry.npmjs.org/classcat cache-miss
83 http fetch GET 200 https://registry.npmjs.org/classcat 120ms (cache miss)
84 silly packumentCache full:https://registry.npmjs.org/classcat set size:undefined disposed:false
85 silly fetch manifest d3-drag@^3.0.0
86 silly packumentCache full:https://registry.npmjs.org/d3-drag cache-miss
87 http fetch GET 200 https://registry.npmjs.org/classcat 121ms (cache miss)
88 silly packumentCache full:https://registry.npmjs.org/classcat set size:undefined disposed:false
89 silly fetch manifest d3-selection@^3.0.0
90 silly packumentCache full:https://registry.npmjs.org/d3-selection cache-miss
91 http fetch GET 200 https://registry.npmjs.org/@types%2fd3-drag 125ms (cache miss)
92 silly packumentCache full:https://registry.npmjs.org/@types%2fd3-drag set size:undefined disposed:false
93 silly fetch manifest d3-zoom@^3.0.0
94 silly packumentCache full:https://registry.npmjs.org/d3-zoom cache-miss
95 http fetch GET 200 https://registry.npmjs.org/zustand 185ms (cache miss)
96 silly packumentCache full:https://registry.npmjs.org/zustand set size:undefined disposed:false
97 silly fetch manifest @types/d3-selection@^3.0.3
98 silly packumentCache full:https://registry.npmjs.org/@types%2fd3-selection cache-miss
99 http fetch GET 200 https://registry.npmjs.org/@types%2fd3 191ms (cache miss)
100 silly packumentCache full:https://registry.npmjs.org/@types%2fd3 set size:undefined disposed:false
101 silly fetch manifest @types/d3-zoom@^3.0.1
102 silly packumentCache full:https://registry.npmjs.org/@types%2fd3-zoom cache-miss
103 http fetch GET 200 https://registry.npmjs.org/zustand 199ms (cache miss)
104 silly packumentCache full:https://registry.npmjs.org/zustand set size:undefined disposed:false
105 silly fetch manifest d3-selection@^3.0.0
106 silly packumentCache full:https://registry.npmjs.org/d3-selection cache-miss
107 http fetch GET 200 https://registry.npmjs.org/d3-drag 115ms (cache miss)
108 silly packumentCache full:https://registry.npmjs.org/d3-drag set size:undefined disposed:false
109 silly fetch manifest d3-zoom@^3.0.0
110 silly packumentCache full:https://registry.npmjs.org/d3-zoom cache-miss
111 http fetch GET 200 https://registry.npmjs.org/d3-zoom 146ms (cache miss)
112 silly packumentCache full:https://registry.npmjs.org/d3-zoom set size:undefined disposed:false
113 silly fetch manifest classcat@^5.0.4
114 silly packumentCache full:https://registry.npmjs.org/classcat cache-miss
115 http cache https://registry.npmjs.org/classcat 2ms (cache hit)
116 silly packumentCache full:https://registry.npmjs.org/classcat set size:85975 disposed:false
117 silly fetch manifest d3-selection@^3.0.0
118 silly packumentCache full:https://registry.npmjs.org/d3-selection cache-miss
119 http fetch GET 200 https://registry.npmjs.org/@types%2fd3-selection 103ms (cache miss)
120 silly packumentCache full:https://registry.npmjs.org/@types%2fd3-selection set size:undefined disposed:false
121 http fetch GET 200 https://registry.npmjs.org/d3-selection 174ms (cache miss)
122 silly packumentCache full:https://registry.npmjs.org/d3-selection set size:undefined disposed:false
123 http fetch GET 200 https://registry.npmjs.org/@types%2fd3-zoom 147ms (cache miss)
124 silly packumentCache full:https://registry.npmjs.org/@types%2fd3-zoom set size:undefined disposed:false
125 http fetch GET 200 https://registry.npmjs.org/d3-zoom 120ms (cache miss)
126 silly packumentCache full:https://registry.npmjs.org/d3-zoom set size:undefined disposed:false
127 http fetch GET 200 https://registry.npmjs.org/classcat 358ms (cache miss)
128 silly packumentCache full:https://registry.npmjs.org/classcat set size:undefined disposed:false
129 silly packumentCache full:https://registry.npmjs.org/classcat dispose
130 http fetch GET 200 https://registry.npmjs.org/@types%2fd3-zoom 363ms (cache miss)
131 silly packumentCache full:https://registry.npmjs.org/@types%2fd3-zoom set size:undefined disposed:false
132 http fetch GET 200 https://registry.npmjs.org/d3-selection 166ms (cache miss)
133 silly packumentCache full:https://registry.npmjs.org/d3-selection set size:undefined disposed:false
134 http fetch GET 200 https://registry.npmjs.org/@types%2fd3-selection 371ms (cache miss)
135 silly packumentCache full:https://registry.npmjs.org/@types%2fd3-selection set size:undefined disposed:false
136 http fetch GET 200 https://registry.npmjs.org/d3-selection 127ms (cache miss)
137 silly packumentCache full:https://registry.npmjs.org/d3-selection set size:undefined disposed:false
138 silly fetch manifest @types/react@>=16.8
139 silly packumentCache full:https://registry.npmjs.org/@types%2freact cache-miss
140 http fetch GET 200 https://registry.npmjs.org/@types%2freact 235ms (cache miss)
141 silly packumentCache full:https://registry.npmjs.org/@types%2freact set size:undefined disposed:false
142 silly fetch manifest immer@>=9.0.6
143 silly packumentCache full:https://registry.npmjs.org/immer cache-miss
144 http fetch GET 200 https://registry.npmjs.org/immer 179ms (cache miss)
145 silly packumentCache full:https://registry.npmjs.org/immer set size:undefined disposed:false
146 silly placeDep ROOT classcat@5.0.5 OK for: @reactflow/background@11.3.14 want: ^5.0.3
147 silly placeDep ROOT zustand@4.5.7 OK for: @reactflow/background@11.3.14 want: ^4.4.1
148 silly fetch manifest use-sync-external-store@^1.2.2
149 silly packumentCache full:https://registry.npmjs.org/use-sync-external-store cache-miss
150 http fetch GET 200 https://registry.npmjs.org/use-sync-external-store 412ms (cache miss)
151 silly packumentCache full:https://registry.npmjs.org/use-sync-external-store set size:undefined disposed:false
152 silly placeDep ROOT @types/d3@7.4.3 OK for: @reactflow/core@11.11.4 want: ^7.4.0
153 silly placeDep ROOT @types/d3-drag@3.0.7 OK for: @reactflow/core@11.11.4 want: ^3.0.1
154 silly placeDep ROOT @types/d3-selection@3.0.11 OK for: @reactflow/core@11.11.4 want: ^3.0.3
155 silly placeDep ROOT @types/d3-zoom@3.0.8 OK for: @reactflow/core@11.11.4 want: ^3.0.1
156 silly placeDep ROOT d3-drag@3.0.0 OK for: @reactflow/core@11.11.4 want: ^3.0.0
157 silly placeDep ROOT d3-selection@3.0.0 OK for: @reactflow/core@11.11.4 want: ^3.0.0
158 silly placeDep ROOT d3-zoom@3.0.0 OK for: @reactflow/core@11.11.4 want: ^3.0.0
159 silly fetch manifest @types/d3-dsv@*
160 silly packumentCache full:https://registry.npmjs.org/@types%2fd3-dsv cache-miss
161 silly fetch manifest @types/d3-geo@*
162 silly packumentCache full:https://registry.npmjs.org/@types%2fd3-geo cache-miss
163 silly fetch manifest @types/d3-axis@*
164 silly packumentCache full:https://registry.npmjs.org/@types%2fd3-axis cache-miss
165 silly fetch manifest @types/d3-drag@*
166 silly packumentCache full:https://registry.npmjs.org/@types%2fd3-drag cache-miss
167 silly fetch manifest @types/d3-ease@*
168 silly packumentCache full:https://registry.npmjs.org/@types%2fd3-ease cache-miss
169 silly fetch manifest @types/d3-path@*
170 silly packumentCache full:https://registry.npmjs.org/@types%2fd3-path cache-miss
171 silly fetch manifest @types/d3-time@*
172 silly packumentCache full:https://registry.npmjs.org/@types%2fd3-time cache-miss
173 silly fetch manifest @types/d3-zoom@*
174 silly packumentCache full:https://registry.npmjs.org/@types%2fd3-zoom cache-miss
175 silly fetch manifest @types/d3-array@*
176 silly packumentCache full:https://registry.npmjs.org/@types%2fd3-array cache-miss
177 http cache https://registry.npmjs.org/@types%2fd3-drag 3ms (cache hit)
178 silly packumentCache full:https://registry.npmjs.org/@types%2fd3-drag set size:61692 disposed:false
179 silly fetch manifest @types/d3-brush@*
180 silly packumentCache full:https://registry.npmjs.org/@types%2fd3-brush cache-miss
181 http cache https://registry.npmjs.org/@types%2fd3-zoom 4ms (cache hit)
182 silly packumentCache full:https://registry.npmjs.org/@types%2fd3-zoom set size:93285 disposed:false
183 silly fetch manifest @types/d3-chord@*
184 silly packumentCache full:https://registry.npmjs.org/@types%2fd3-chord cache-miss
185 http fetch GET 200 https://registry.npmjs.org/@types%2fd3-axis 109ms (cache miss)
186 silly packumentCache full:https://registry.npmjs.org/@types%2fd3-axis set size:undefined disposed:false
187 silly fetch manifest @types/d3-color@*
188 silly packumentCache full:https://registry.npmjs.org/@types%2fd3-color cache-miss
189 http fetch GET 200 https://registry.npmjs.org/@types%2fd3-dsv 123ms (cache miss)
190 silly packumentCache full:https://registry.npmjs.org/@types%2fd3-dsv set size:undefined disposed:false
191 silly fetch manifest @types/d3-fetch@*
192 silly packumentCache full:https://registry.npmjs.org/@types%2fd3-fetch cache-miss
193 http fetch GET 200 https://registry.npmjs.org/@types%2fd3-time 123ms (cache miss)
194 silly packumentCache full:https://registry.npmjs.org/@types%2fd3-time set size:undefined disposed:false
195 silly fetch manifest @types/d3-force@*
196 silly packumentCache full:https://registry.npmjs.org/@types%2fd3-force cache-miss
197 http fetch GET 200 https://registry.npmjs.org/@types%2fd3-ease 125ms (cache miss)
198 silly packumentCache full:https://registry.npmjs.org/@types%2fd3-ease set size:undefined disposed:false
199 silly fetch manifest @types/d3-scale@*
200 silly packumentCache full:https://registry.npmjs.org/@types%2fd3-scale cache-miss
201 http fetch GET 200 https://registry.npmjs.org/@types%2fd3-path 128ms (cache miss)
202 silly packumentCache full:https://registry.npmjs.org/@types%2fd3-path set size:undefined disposed:false
203 silly fetch manifest @types/d3-shape@*
204 silly packumentCache full:https://registry.npmjs.org/@types%2fd3-shape cache-miss
205 http fetch GET 200 https://registry.npmjs.org/@types%2fd3-brush 127ms (cache miss)
206 silly packumentCache full:https://registry.npmjs.org/@types%2fd3-brush set size:undefined disposed:false
207 silly fetch manifest @types/d3-timer@*
208 silly packumentCache full:https://registry.npmjs.org/@types%2fd3-timer cache-miss
209 http fetch GET 200 https://registry.npmjs.org/@types%2fd3-geo 133ms (cache miss)
210 silly packumentCache full:https://registry.npmjs.org/@types%2fd3-geo set size:undefined disposed:false
211 silly fetch manifest @types/d3-format@*
212 silly packumentCache full:https://registry.npmjs.org/@types%2fd3-format cache-miss
213 http fetch GET 200 https://registry.npmjs.org/@types%2fd3-array 133ms (cache miss)
214 silly packumentCache full:https://registry.npmjs.org/@types%2fd3-array set size:undefined disposed:false
215 silly fetch manifest @types/d3-random@*
216 silly packumentCache full:https://registry.npmjs.org/@types%2fd3-random cache-miss
217 http fetch GET 200 https://registry.npmjs.org/@types%2fd3-chord 129ms (cache miss)
218 silly packumentCache full:https://registry.npmjs.org/@types%2fd3-chord set size:undefined disposed:false
219 silly fetch manifest @types/d3-contour@*
220 silly packumentCache full:https://registry.npmjs.org/@types%2fd3-contour cache-miss
221 http fetch GET 200 https://registry.npmjs.org/@types%2fd3-fetch 112ms (cache miss)
222 silly packumentCache full:https://registry.npmjs.org/@types%2fd3-fetch set size:undefined disposed:false
223 silly fetch manifest @types/d3-polygon@*
224 silly packumentCache full:https://registry.npmjs.org/@types%2fd3-polygon cache-miss
225 http fetch GET 200 https://registry.npmjs.org/@types%2fd3-format 109ms (cache miss)
226 silly packumentCache full:https://registry.npmjs.org/@types%2fd3-format set size:undefined disposed:false
227 silly fetch manifest @types/d3-delaunay@*
228 silly packumentCache full:https://registry.npmjs.org/@types%2fd3-delaunay cache-miss
229 http fetch GET 200 https://registry.npmjs.org/@types%2fd3-random 109ms (cache miss)
230 silly packumentCache full:https://registry.npmjs.org/@types%2fd3-random set size:undefined disposed:false
231 silly fetch manifest @types/d3-dispatch@*
232 silly packumentCache full:https://registry.npmjs.org/@types%2fd3-dispatch cache-miss
233 http fetch GET 200 https://registry.npmjs.org/@types%2fd3-color 140ms (cache miss)
234 silly packumentCache full:https://registry.npmjs.org/@types%2fd3-color set size:undefined disposed:false
235 silly fetch manifest @types/d3-quadtree@*
236 silly packumentCache full:https://registry.npmjs.org/@types%2fd3-quadtree cache-miss
237 http fetch GET 200 https://registry.npmjs.org/@types%2fd3-shape 128ms (cache miss)
238 silly packumentCache full:https://registry.npmjs.org/@types%2fd3-shape set size:undefined disposed:false
239 silly fetch manifest @types/d3-hierarchy@*
240 silly packumentCache full:https://registry.npmjs.org/@types%2fd3-hierarchy cache-miss
241 http fetch GET 200 https://registry.npmjs.org/@types%2fd3-timer 131ms (cache miss)
242 silly packumentCache full:https://registry.npmjs.org/@types%2fd3-timer set size:undefined disposed:false
243 silly fetch manifest @types/d3-selection@*
244 silly packumentCache full:https://registry.npmjs.org/@types%2fd3-selection cache-miss
245 http fetch GET 200 https://registry.npmjs.org/@types%2fd3-contour 129ms (cache miss)
246 silly packumentCache full:https://registry.npmjs.org/@types%2fd3-contour set size:undefined disposed:false
247 silly fetch manifest @types/d3-transition@*
248 silly packumentCache full:https://registry.npmjs.org/@types%2fd3-transition cache-miss
249 http fetch GET 200 https://registry.npmjs.org/@types%2fd3-force 140ms (cache miss)
250 silly packumentCache full:https://registry.npmjs.org/@types%2fd3-force set size:undefined disposed:false
251 silly fetch manifest @types/d3-interpolate@*
252 silly packumentCache full:https://registry.npmjs.org/@types%2fd3-interpolate cache-miss
253 http fetch GET 200 https://registry.npmjs.org/@types%2fd3-scale 140ms (cache miss)
254 silly packumentCache full:https://registry.npmjs.org/@types%2fd3-scale set size:undefined disposed:false
255 silly fetch manifest @types/d3-time-format@*
256 silly packumentCache full:https://registry.npmjs.org/@types%2fd3-time-format cache-miss
257 http cache https://registry.npmjs.org/@types%2fd3-selection 4ms (cache hit)
258 silly packumentCache full:https://registry.npmjs.org/@types%2fd3-selection set size:96309 disposed:false
259 silly fetch manifest @types/d3-scale-chromatic@*
260 silly packumentCache full:https://registry.npmjs.org/@types%2fd3-scale-chromatic cache-miss
261 http fetch GET 200 https://registry.npmjs.org/@types%2fd3-polygon 121ms (cache miss)
262 silly packumentCache full:https://registry.npmjs.org/@types%2fd3-polygon set size:undefined disposed:false
263 silly fetch manifest @types/d3-interpolate@*
264 silly packumentCache full:https://registry.npmjs.org/@types%2fd3-interpolate cache-miss
265 http fetch GET 200 https://registry.npmjs.org/@types%2fd3-quadtree 124ms (cache miss)
266 silly packumentCache full:https://registry.npmjs.org/@types%2fd3-quadtree set size:undefined disposed:false
267 silly fetch manifest d3-dispatch@1 - 3
268 silly packumentCache full:https://registry.npmjs.org/d3-dispatch cache-miss
269 http fetch GET 200 https://registry.npmjs.org/@types%2fd3-transition 116ms (cache miss)
270 silly packumentCache full:https://registry.npmjs.org/@types%2fd3-transition set size:undefined disposed:false
271 silly fetch manifest d3-selection@3
272 silly packumentCache full:https://registry.npmjs.org/d3-selection cache-miss
273 http fetch GET 200 https://registry.npmjs.org/@types%2fd3-hierarchy 122ms (cache miss)
274 silly packumentCache full:https://registry.npmjs.org/@types%2fd3-hierarchy set size:undefined disposed:false
275 silly fetch manifest d3-dispatch@1 - 3
276 silly packumentCache full:https://registry.npmjs.org/d3-dispatch cache-miss
277 http fetch GET 200 https://registry.npmjs.org/@types%2fd3-dispatch 137ms (cache miss)
278 silly packumentCache full:https://registry.npmjs.org/@types%2fd3-dispatch set size:undefined disposed:false
279 silly fetch manifest d3-interpolate@1 - 3
280 silly packumentCache full:https://registry.npmjs.org/d3-interpolate cache-miss
281 http fetch GET 200 https://registry.npmjs.org/@types%2fd3-delaunay 138ms (cache miss)
282 silly packumentCache full:https://registry.npmjs.org/@types%2fd3-delaunay set size:undefined disposed:false
283 silly fetch manifest d3-transition@2 - 3
284 silly packumentCache full:https://registry.npmjs.org/d3-transition cache-miss
285 http cache https://registry.npmjs.org/d3-selection 5ms (cache hit)
286 silly packumentCache full:https://registry.npmjs.org/d3-selection set size:436645 disposed:false
287 http fetch GET 200 https://registry.npmjs.org/@types%2fd3-time-format 121ms (cache miss)
288 silly packumentCache full:https://registry.npmjs.org/@types%2fd3-time-format set size:undefined disposed:false
289 http fetch GET 200 https://registry.npmjs.org/@types%2fd3-scale-chromatic 120ms (cache miss)
290 silly packumentCache full:https://registry.npmjs.org/@types%2fd3-scale-chromatic set size:undefined disposed:false
291 http fetch GET 200 https://registry.npmjs.org/@types%2fd3-interpolate 125ms (cache miss)
292 silly packumentCache full:https://registry.npmjs.org/@types%2fd3-interpolate set size:undefined disposed:false
293 http fetch GET 200 https://registry.npmjs.org/@types%2fd3-interpolate 113ms (cache miss)
294 silly packumentCache full:https://registry.npmjs.org/@types%2fd3-interpolate set size:undefined disposed:false
295 http fetch GET 200 https://registry.npmjs.org/d3-dispatch 112ms (cache miss)
296 silly packumentCache full:https://registry.npmjs.org/d3-dispatch set size:undefined disposed:false
297 http fetch GET 200 https://registry.npmjs.org/d3-transition 128ms (cache miss)
298 silly packumentCache full:https://registry.npmjs.org/d3-transition set size:undefined disposed:false
299 http fetch GET 200 https://registry.npmjs.org/d3-dispatch 140ms (cache miss)
300 silly packumentCache full:https://registry.npmjs.org/d3-dispatch set size:undefined disposed:false
301 http fetch GET 200 https://registry.npmjs.org/d3-interpolate 714ms (cache miss)
302 silly packumentCache full:https://registry.npmjs.org/d3-interpolate set size:undefined disposed:false
303 silly placeDep ROOT @types/d3-array@3.2.2 OK for: @types/d3@7.4.3 want: *
304 silly placeDep ROOT @types/d3-axis@3.0.6 OK for: @types/d3@7.4.3 want: *
305 silly placeDep ROOT @types/d3-brush@3.0.6 OK for: @types/d3@7.4.3 want: *
306 silly placeDep ROOT @types/d3-chord@3.0.6 OK for: @types/d3@7.4.3 want: *
307 silly placeDep ROOT @types/d3-color@3.1.3 OK for: @types/d3@7.4.3 want: *
308 silly placeDep ROOT @types/d3-contour@3.0.6 OK for: @types/d3@7.4.3 want: *
309 silly placeDep ROOT @types/d3-delaunay@6.0.4 OK for: @types/d3@7.4.3 want: *
310 silly placeDep ROOT @types/d3-dispatch@3.0.7 OK for: @types/d3@7.4.3 want: *
311 silly placeDep ROOT @types/d3-dsv@3.0.7 OK for: @types/d3@7.4.3 want: *
312 silly placeDep ROOT @types/d3-ease@3.0.2 OK for: @types/d3@7.4.3 want: *
313 silly placeDep ROOT @types/d3-fetch@3.0.7 OK for: @types/d3@7.4.3 want: *
314 silly placeDep ROOT @types/d3-force@3.0.10 OK for: @types/d3@7.4.3 want: *
315 silly placeDep ROOT @types/d3-format@3.0.4 OK for: @types/d3@7.4.3 want: *
316 silly placeDep ROOT @types/d3-geo@3.1.0 OK for: @types/d3@7.4.3 want: *
317 silly placeDep ROOT @types/d3-hierarchy@3.1.7 OK for: @types/d3@7.4.3 want: *
318 silly placeDep ROOT @types/d3-interpolate@3.0.4 OK for: @types/d3@7.4.3 want: *
319 silly placeDep ROOT @types/d3-path@3.1.1 OK for: @types/d3@7.4.3 want: *
320 silly placeDep ROOT @types/d3-polygon@3.0.2 OK for: @types/d3@7.4.3 want: *
321 silly placeDep ROOT @types/d3-quadtree@3.0.6 OK for: @types/d3@7.4.3 want: *
322 silly placeDep ROOT @types/d3-random@3.0.3 OK for: @types/d3@7.4.3 want: *
323 silly placeDep ROOT @types/d3-scale@4.0.9 OK for: @types/d3@7.4.3 want: *
324 silly placeDep ROOT @types/d3-scale-chromatic@3.1.0 OK for: @types/d3@7.4.3 want: *
325 silly placeDep ROOT @types/d3-shape@3.1.7 OK for: @types/d3@7.4.3 want: *
326 silly placeDep ROOT @types/d3-time@3.0.4 OK for: @types/d3@7.4.3 want: *
327 silly placeDep ROOT @types/d3-time-format@4.0.3 OK for: @types/d3@7.4.3 want: *
328 silly placeDep ROOT @types/d3-timer@3.0.2 OK for: @types/d3@7.4.3 want: *
329 silly placeDep ROOT @types/d3-transition@3.0.9 OK for: @types/d3@7.4.3 want: *
330 silly fetch manifest @types/geojson@*
331 silly packumentCache full:https://registry.npmjs.org/@types%2fgeojson cache-miss
332 silly fetch manifest @types/geojson@*
333 silly packumentCache full:https://registry.npmjs.org/@types%2fgeojson cache-miss
334 http fetch GET 200 https://registry.npmjs.org/@types%2fgeojson 144ms (cache miss)
335 silly packumentCache full:https://registry.npmjs.org/@types%2fgeojson set size:undefined disposed:false
336 http fetch GET 200 https://registry.npmjs.org/@types%2fgeojson 172ms (cache miss)
337 silly packumentCache full:https://registry.npmjs.org/@types%2fgeojson set size:undefined disposed:false
338 silly placeDep ROOT @types/geojson@7946.0.16 OK for: @types/d3-contour@3.0.6 want: *
339 silly placeDep ROOT d3-dispatch@3.0.1 OK for: d3-drag@3.0.0 want: 1 - 3
340 silly fetch manifest d3-selection@2 - 3
341 silly packumentCache full:https://registry.npmjs.org/d3-selection cache-hit
342 silly placeDep ROOT d3-interpolate@3.0.1 OK for: d3-zoom@3.0.0 want: 1 - 3
343 silly placeDep ROOT d3-transition@3.0.1 OK for: d3-zoom@3.0.0 want: 2 - 3
344 silly fetch manifest d3-color@1 - 3
345 silly packumentCache full:https://registry.npmjs.org/d3-color cache-miss
346 silly fetch manifest d3-color@1 - 3
347 silly packumentCache full:https://registry.npmjs.org/d3-color cache-miss
348 silly fetch manifest d3-ease@1 - 3
349 silly packumentCache full:https://registry.npmjs.org/d3-ease cache-miss
350 silly fetch manifest d3-timer@1 - 3
351 silly packumentCache full:https://registry.npmjs.org/d3-timer cache-miss
352 http fetch GET 200 https://registry.npmjs.org/d3-color 94ms (cache miss)
353 silly packumentCache full:https://registry.npmjs.org/d3-color set size:undefined disposed:false
354 http fetch GET 200 https://registry.npmjs.org/d3-ease 113ms (cache miss)
355 silly packumentCache full:https://registry.npmjs.org/d3-ease set size:undefined disposed:false
356 http fetch GET 200 https://registry.npmjs.org/d3-color 116ms (cache miss)
357 silly packumentCache full:https://registry.npmjs.org/d3-color set size:undefined disposed:false
358 http fetch GET 200 https://registry.npmjs.org/d3-timer 117ms (cache miss)
359 silly packumentCache full:https://registry.npmjs.org/d3-timer set size:undefined disposed:false
360 silly placeDep ROOT d3-color@3.1.0 OK for: d3-interpolate@3.0.1 want: 1 - 3
361 silly placeDep ROOT d3-ease@3.0.1 OK for: d3-transition@3.0.1 want: 1 - 3
362 silly placeDep ROOT d3-timer@3.0.1 OK for: d3-transition@3.0.1 want: 1 - 3
363 silly fetch manifest react@>=16.8
364 silly packumentCache full:https://registry.npmjs.org/react cache-miss
365 http cache https://registry.npmjs.org/react 13ms (cache hit)
366 silly packumentCache full:https://registry.npmjs.org/react set size:6316705 disposed:false
367 silly placeDep ROOT use-sync-external-store@1.6.0 OK for: zustand@4.5.7 want: ^1.2.2
368 silly reify moves {}
369 verbose reify failed optional dependency /Users/otisdoan/Documents/MLN111/dau-tranh-giai-cap/node_modules/@tailwindcss/oxide-wasm32-wasi
370 silly reify mark deleted [
370 silly reify   '/Users/otisdoan/Documents/MLN111/dau-tranh-giai-cap/node_modules/@tailwindcss/oxide-wasm32-wasi'
370 silly reify ]
371 silly audit bulk request {
371 silly audit   '@alloc/quick-lru': [ '5.2.0' ],
371 silly audit   '@emnapi/runtime': [ '1.7.1' ],
371 silly audit   '@img/colour': [ '1.0.0' ],
371 silly audit   '@img/sharp-darwin-arm64': [ '0.34.5' ],
371 silly audit   '@img/sharp-darwin-x64': [ '0.34.5' ],
371 silly audit   '@img/sharp-libvips-darwin-arm64': [ '1.2.4' ],
371 silly audit   '@img/sharp-libvips-darwin-x64': [ '1.2.4' ],
371 silly audit   '@img/sharp-libvips-linux-arm': [ '1.2.4' ],
371 silly audit   '@img/sharp-libvips-linux-arm64': [ '1.2.4' ],
371 silly audit   '@img/sharp-libvips-linux-ppc64': [ '1.2.4' ],
371 silly audit   '@img/sharp-libvips-linux-riscv64': [ '1.2.4' ],
371 silly audit   '@img/sharp-libvips-linux-s390x': [ '1.2.4' ],
371 silly audit   '@img/sharp-libvips-linux-x64': [ '1.2.4' ],
371 silly audit   '@img/sharp-libvips-linuxmusl-arm64': [ '1.2.4' ],
371 silly audit   '@img/sharp-libvips-linuxmusl-x64': [ '1.2.4' ],
371 silly audit   '@img/sharp-linux-arm': [ '0.34.5' ],
371 silly audit   '@img/sharp-linux-arm64': [ '0.34.5' ],
371 silly audit   '@img/sharp-linux-ppc64': [ '0.34.5' ],
371 silly audit   '@img/sharp-linux-riscv64': [ '0.34.5' ],
371 silly audit   '@img/sharp-linux-s390x': [ '0.34.5' ],
371 silly audit   '@img/sharp-linux-x64': [ '0.34.5' ],
371 silly audit   '@img/sharp-linuxmusl-arm64': [ '0.34.5' ],
371 silly audit   '@img/sharp-linuxmusl-x64': [ '0.34.5' ],
371 silly audit   '@img/sharp-wasm32': [ '0.34.5' ],
371 silly audit   '@img/sharp-win32-arm64': [ '0.34.5' ],
371 silly audit   '@img/sharp-win32-ia32': [ '0.34.5' ],
371 silly audit   '@img/sharp-win32-x64': [ '0.34.5' ],
371 silly audit   '@jridgewell/gen-mapping': [ '0.3.13' ],
371 silly audit   '@jridgewell/remapping': [ '2.3.5' ],
371 silly audit   '@jridgewell/resolve-uri': [ '3.1.2' ],
371 silly audit   '@jridgewell/sourcemap-codec': [ '1.5.5' ],
371 silly audit   '@jridgewell/trace-mapping': [ '0.3.31' ],
371 silly audit   '@next/env': [ '16.0.8' ],
371 silly audit   '@next/swc-darwin-arm64': [ '16.0.8' ],
371 silly audit   '@next/swc-darwin-x64': [ '16.0.8' ],
371 silly audit   '@next/swc-linux-arm64-gnu': [ '16.0.8' ],
371 silly audit   '@next/swc-linux-arm64-musl': [ '16.0.8' ],
371 silly audit   '@next/swc-linux-x64-gnu': [ '16.0.8' ],
371 silly audit   '@next/swc-linux-x64-musl': [ '16.0.8' ],
371 silly audit   '@next/swc-win32-arm64-msvc': [ '16.0.8' ],
371 silly audit   '@next/swc-win32-x64-msvc': [ '16.0.8' ],
371 silly audit   '@swc/helpers': [ '0.5.15' ],
371 silly audit   '@tailwindcss/node': [ '4.1.17' ],
371 silly audit   '@tailwindcss/oxide': [ '4.1.17' ],
371 silly audit   '@tailwindcss/oxide-android-arm64': [ '4.1.17' ],
371 silly audit   '@tailwindcss/oxide-darwin-arm64': [ '4.1.17' ],
371 silly audit   '@tailwindcss/oxide-darwin-x64': [ '4.1.17' ],
371 silly audit   '@tailwindcss/oxide-freebsd-x64': [ '4.1.17' ],
371 silly audit   '@tailwindcss/oxide-linux-arm-gnueabihf': [ '4.1.17' ],
371 silly audit   '@tailwindcss/oxide-linux-arm64-gnu': [ '4.1.17' ],
371 silly audit   '@tailwindcss/oxide-linux-arm64-musl': [ '4.1.17' ],
371 silly audit   '@tailwindcss/oxide-linux-x64-gnu': [ '4.1.17' ],
371 silly audit   '@tailwindcss/oxide-linux-x64-musl': [ '4.1.17' ],
371 silly audit   '@tailwindcss/oxide-win32-arm64-msvc': [ '4.1.17' ],
371 silly audit   '@tailwindcss/oxide-win32-x64-msvc': [ '4.1.17' ],
371 silly audit   '@tailwindcss/postcss': [ '4.1.17' ],
371 silly audit   '@types/node': [ '20.19.26' ],
371 silly audit   '@types/react': [ '19.2.7' ],
371 silly audit   '@types/react-dom': [ '19.2.3' ],
371 silly audit   'caniuse-lite': [ '1.0.30001760' ],
371 silly audit   'client-only': [ '0.0.1' ],
371 silly audit   csstype: [ '3.2.3' ],
371 silly audit   'detect-libc': [ '2.1.2' ],
371 silly audit   'enhanced-resolve': [ '5.18.3' ],
371 silly audit   'graceful-fs': [ '4.2.11' ],
371 silly audit   jiti: [ '2.6.1' ],
371 silly audit   lightningcss: [ '1.30.2' ],
371 silly audit   'lightningcss-android-arm64': [ '1.30.2' ],
371 silly audit   'lightningcss-darwin-arm64': [ '1.30.2' ],
371 silly audit   'lightningcss-darwin-x64': [ '1.30.2' ],
371 silly audit   'lightningcss-freebsd-x64': [ '1.30.2' ],
371 silly audit   'lightningcss-linux-arm-gnueabihf': [ '1.30.2' ],
371 silly audit   'lightningcss-linux-arm64-gnu': [ '1.30.2' ],
371 silly audit   'lightningcss-linux-arm64-musl': [ '1.30.2' ],
371 silly audit   'lightningcss-linux-x64-gnu': [ '1.30.2' ],
371 silly audit   'lightningcss-linux-x64-musl': [ '1.30.2' ],
371 silly audit   'lightningcss-win32-arm64-msvc': [ '1.30.2' ],
371 silly audit   'lightningcss-win32-x64-msvc': [ '1.30.2' ],
371 silly audit   'magic-string': [ '0.30.21' ],
371 silly audit   nanoid: [ '3.3.11' ],
371 silly audit   next: [ '16.0.8' ],
371 silly audit   postcss: [ '8.4.31', '8.5.6' ],
371 silly audit   picocolors: [ '1.1.1' ],
371 silly audit   react: [ '19.2.1' ],
371 silly audit   'react-dom': [ '19.2.1' ],
371 silly audit   scheduler: [ '0.27.0' ],
371 silly audit   semver: [ '7.7.3' ],
371 silly audit   sharp: [ '0.34.5' ],
371 silly audit   'source-map-js': [ '1.2.1' ],
371 silly audit   'styled-jsx': [ '5.1.6' ],
371 silly audit   tailwindcss: [ '4.1.17' ],
371 silly audit   tapable: [ '2.3.0' ],
371 silly audit   tslib: [ '2.8.1' ],
371 silly audit   typescript: [ '5.9.3' ],
371 silly audit   'undici-types': [ '6.21.0' ],
371 silly audit   reactflow: [ '11.11.4' ],
371 silly audit   '@reactflow/background': [ '11.3.14' ],
371 silly audit   '@reactflow/controls': [ '11.2.14' ],
371 silly audit   '@reactflow/core': [ '11.11.4' ],
371 silly audit   '@reactflow/minimap': [ '11.7.14' ],
371 silly audit   '@reactflow/node-resizer': [ '2.2.14' ],
371 silly audit   '@reactflow/node-toolbar': [ '1.3.14' ],
371 silly audit   classcat: [ '5.0.5' ],
371 silly audit   zustand: [ '4.5.7' ],
371 silly audit   '@types/d3': [ '7.4.3' ],
371 silly audit   '@types/d3-drag': [ '3.0.7' ],
371 silly audit   '@types/d3-selection': [ '3.0.11' ],
371 silly audit   '@types/d3-zoom': [ '3.0.8' ],
371 silly audit   'd3-drag': [ '3.0.0' ],
371 silly audit   'd3-selection': [ '3.0.0' ],
371 silly audit   'd3-zoom': [ '3.0.0' ],
371 silly audit   '@types/d3-array': [ '3.2.2' ],
371 silly audit   '@types/d3-axis': [ '3.0.6' ],
371 silly audit   '@types/d3-brush': [ '3.0.6' ],
371 silly audit   '@types/d3-chord': [ '3.0.6' ],
371 silly audit   '@types/d3-color': [ '3.1.3' ],
371 silly audit   '@types/d3-contour': [ '3.0.6' ],
371 silly audit   '@types/d3-delaunay': [ '6.0.4' ],
371 silly audit   '@types/d3-dispatch': [ '3.0.7' ],
371 silly audit   '@types/d3-dsv': [ '3.0.7' ],
371 silly audit   '@types/d3-ease': [ '3.0.2' ],
371 silly audit   '@types/d3-fetch': [ '3.0.7' ],
371 silly audit   '@types/d3-force': [ '3.0.10' ],
371 silly audit   '@types/d3-format': [ '3.0.4' ],
371 silly audit   '@types/d3-geo': [ '3.1.0' ],
371 silly audit   '@types/d3-hierarchy': [ '3.1.7' ],
371 silly audit   '@types/d3-interpolate': [ '3.0.4' ],
371 silly audit   '@types/d3-path': [ '3.1.1' ],
371 silly audit   '@types/d3-polygon': [ '3.0.2' ],
371 silly audit   '@types/d3-quadtree': [ '3.0.6' ],
371 silly audit   '@types/d3-random': [ '3.0.3' ],
371 silly audit   '@types/d3-scale': [ '4.0.9' ],
371 silly audit   '@types/d3-scale-chromatic': [ '3.1.0' ],
371 silly audit   '@types/d3-shape': [ '3.1.7' ],
371 silly audit   '@types/d3-time': [ '3.0.4' ],
371 silly audit   '@types/d3-time-format': [ '4.0.3' ],
371 silly audit   '@types/d3-timer': [ '3.0.2' ],
371 silly audit   '@types/d3-transition': [ '3.0.9' ],
371 silly audit   '@types/geojson': [ '7946.0.16' ],
371 silly audit   'd3-dispatch': [ '3.0.1' ],
371 silly audit   'd3-interpolate': [ '3.0.1' ],
371 silly audit   'd3-transition': [ '3.0.1' ],
371 silly audit   'd3-color': [ '3.1.0' ],
371 silly audit   'd3-ease': [ '3.0.1' ],
371 silly audit   'd3-timer': [ '3.0.1' ],
371 silly audit   'use-sync-external-store': [ '1.6.0' ],
371 silly audit   '@tailwindcss/oxide-wasm32-wasi': [ '4.1.17' ]
371 silly audit }
372 verbose reify failed optional dependency /Users/otisdoan/Documents/MLN111/dau-tranh-giai-cap/node_modules/lightningcss-win32-x64-msvc
373 silly reify mark deleted [
373 silly reify   '/Users/otisdoan/Documents/MLN111/dau-tranh-giai-cap/node_modules/lightningcss-win32-x64-msvc'
373 silly reify ]
374 verbose reify failed optional dependency /Users/otisdoan/Documents/MLN111/dau-tranh-giai-cap/node_modules/lightningcss-win32-arm64-msvc
375 silly reify mark deleted [
375 silly reify   '/Users/otisdoan/Documents/MLN111/dau-tranh-giai-cap/node_modules/lightningcss-win32-arm64-msvc'
375 silly reify ]
376 verbose reify failed optional dependency /Users/otisdoan/Documents/MLN111/dau-tranh-giai-cap/node_modules/lightningcss-linux-x64-musl
377 silly reify mark deleted [
377 silly reify   '/Users/otisdoan/Documents/MLN111/dau-tranh-giai-cap/node_modules/lightningcss-linux-x64-musl'
377 silly reify ]
378 verbose reify failed optional dependency /Users/otisdoan/Documents/MLN111/dau-tranh-giai-cap/node_modules/lightningcss-linux-x64-gnu
379 silly reify mark deleted [
379 silly reify   '/Users/otisdoan/Documents/MLN111/dau-tranh-giai-cap/node_modules/lightningcss-linux-x64-gnu'
379 silly reify ]
380 verbose reify failed optional dependency /Users/otisdoan/Documents/MLN111/dau-tranh-giai-cap/node_modules/lightningcss-linux-arm64-musl
381 silly reify mark deleted [
381 silly reify   '/Users/otisdoan/Documents/MLN111/dau-tranh-giai-cap/node_modules/lightningcss-linux-arm64-musl'
381 silly reify ]
382 verbose reify failed optional dependency /Users/otisdoan/Documents/MLN111/dau-tranh-giai-cap/node_modules/lightningcss-linux-arm64-gnu
383 silly reify mark deleted [
383 silly reify   '/Users/otisdoan/Documents/MLN111/dau-tranh-giai-cap/node_modules/lightningcss-linux-arm64-gnu'
383 silly reify ]
384 verbose reify failed optional dependency /Users/otisdoan/Documents/MLN111/dau-tranh-giai-cap/node_modules/lightningcss-linux-arm-gnueabihf
385 silly reify mark deleted [
385 silly reify   '/Users/otisdoan/Documents/MLN111/dau-tranh-giai-cap/node_modules/lightningcss-linux-arm-gnueabihf'
385 silly reify ]
386 verbose reify failed optional dependency /Users/otisdoan/Documents/MLN111/dau-tranh-giai-cap/node_modules/lightningcss-freebsd-x64
387 silly reify mark deleted [
387 silly reify   '/Users/otisdoan/Documents/MLN111/dau-tranh-giai-cap/node_modules/lightningcss-freebsd-x64'
387 silly reify ]
388 verbose reify failed optional dependency /Users/otisdoan/Documents/MLN111/dau-tranh-giai-cap/node_modules/lightningcss-darwin-x64
389 silly reify mark deleted [
389 silly reify   '/Users/otisdoan/Documents/MLN111/dau-tranh-giai-cap/node_modules/lightningcss-darwin-x64'
389 silly reify ]
390 verbose reify failed optional dependency /Users/otisdoan/Documents/MLN111/dau-tranh-giai-cap/node_modules/lightningcss-android-arm64
391 silly reify mark deleted [
391 silly reify   '/Users/otisdoan/Documents/MLN111/dau-tranh-giai-cap/node_modules/lightningcss-android-arm64'
391 silly reify ]
392 verbose reify failed optional dependency /Users/otisdoan/Documents/MLN111/dau-tranh-giai-cap/node_modules/@tailwindcss/oxide-win32-x64-msvc
393 silly reify mark deleted [
393 silly reify   '/Users/otisdoan/Documents/MLN111/dau-tranh-giai-cap/node_modules/@tailwindcss/oxide-win32-x64-msvc'
393 silly reify ]
394 verbose reify failed optional dependency /Users/otisdoan/Documents/MLN111/dau-tranh-giai-cap/node_modules/@tailwindcss/oxide-win32-arm64-msvc
395 silly reify mark deleted [
395 silly reify   '/Users/otisdoan/Documents/MLN111/dau-tranh-giai-cap/node_modules/@tailwindcss/oxide-win32-arm64-msvc'
395 silly reify ]
396 verbose reify failed optional dependency /Users/otisdoan/Documents/MLN111/dau-tranh-giai-cap/node_modules/@tailwindcss/oxide-linux-x64-musl
397 silly reify mark deleted [
397 silly reify   '/Users/otisdoan/Documents/MLN111/dau-tranh-giai-cap/node_modules/@tailwindcss/oxide-linux-x64-musl'
397 silly reify ]
398 verbose reify failed optional dependency /Users/otisdoan/Documents/MLN111/dau-tranh-giai-cap/node_modules/@tailwindcss/oxide-linux-x64-gnu
399 silly reify mark deleted [
399 silly reify   '/Users/otisdoan/Documents/MLN111/dau-tranh-giai-cap/node_modules/@tailwindcss/oxide-linux-x64-gnu'
399 silly reify ]
400 verbose reify failed optional dependency /Users/otisdoan/Documents/MLN111/dau-tranh-giai-cap/node_modules/@tailwindcss/oxide-linux-arm64-musl
401 silly reify mark deleted [
401 silly reify   '/Users/otisdoan/Documents/MLN111/dau-tranh-giai-cap/node_modules/@tailwindcss/oxide-linux-arm64-musl'
401 silly reify ]
402 verbose reify failed optional dependency /Users/otisdoan/Documents/MLN111/dau-tranh-giai-cap/node_modules/@tailwindcss/oxide-linux-arm64-gnu
403 silly reify mark deleted [
403 silly reify   '/Users/otisdoan/Documents/MLN111/dau-tranh-giai-cap/node_modules/@tailwindcss/oxide-linux-arm64-gnu'
403 silly reify ]
404 verbose reify failed optional dependency /Users/otisdoan/Documents/MLN111/dau-tranh-giai-cap/node_modules/@tailwindcss/oxide-linux-arm-gnueabihf
405 silly reify mark deleted [
405 silly reify   '/Users/otisdoan/Documents/MLN111/dau-tranh-giai-cap/node_modules/@tailwindcss/oxide-linux-arm-gnueabihf'
405 silly reify ]
406 verbose reify failed optional dependency /Users/otisdoan/Documents/MLN111/dau-tranh-giai-cap/node_modules/@tailwindcss/oxide-freebsd-x64
407 silly reify mark deleted [
407 silly reify   '/Users/otisdoan/Documents/MLN111/dau-tranh-giai-cap/node_modules/@tailwindcss/oxide-freebsd-x64'
407 silly reify ]
408 verbose reify failed optional dependency /Users/otisdoan/Documents/MLN111/dau-tranh-giai-cap/node_modules/@tailwindcss/oxide-darwin-x64
409 silly reify mark deleted [
409 silly reify   '/Users/otisdoan/Documents/MLN111/dau-tranh-giai-cap/node_modules/@tailwindcss/oxide-darwin-x64'
409 silly reify ]
410 verbose reify failed optional dependency /Users/otisdoan/Documents/MLN111/dau-tranh-giai-cap/node_modules/@tailwindcss/oxide-android-arm64
411 silly reify mark deleted [
411 silly reify   '/Users/otisdoan/Documents/MLN111/dau-tranh-giai-cap/node_modules/@tailwindcss/oxide-android-arm64'
411 silly reify ]
412 verbose reify failed optional dependency /Users/otisdoan/Documents/MLN111/dau-tranh-giai-cap/node_modules/@next/swc-win32-x64-msvc
413 silly reify mark deleted [
413 silly reify   '/Users/otisdoan/Documents/MLN111/dau-tranh-giai-cap/node_modules/@next/swc-win32-x64-msvc'
413 silly reify ]
414 verbose reify failed optional dependency /Users/otisdoan/Documents/MLN111/dau-tranh-giai-cap/node_modules/@next/swc-win32-arm64-msvc
415 silly reify mark deleted [
415 silly reify   '/Users/otisdoan/Documents/MLN111/dau-tranh-giai-cap/node_modules/@next/swc-win32-arm64-msvc'
415 silly reify ]
416 verbose reify failed optional dependency /Users/otisdoan/Documents/MLN111/dau-tranh-giai-cap/node_modules/@next/swc-linux-x64-musl
417 silly reify mark deleted [
417 silly reify   '/Users/otisdoan/Documents/MLN111/dau-tranh-giai-cap/node_modules/@next/swc-linux-x64-musl'
417 silly reify ]
418 verbose reify failed optional dependency /Users/otisdoan/Documents/MLN111/dau-tranh-giai-cap/node_modules/@next/swc-linux-x64-gnu
419 silly reify mark deleted [
419 silly reify   '/Users/otisdoan/Documents/MLN111/dau-tranh-giai-cap/node_modules/@next/swc-linux-x64-gnu'
419 silly reify ]
420 verbose reify failed optional dependency /Users/otisdoan/Documents/MLN111/dau-tranh-giai-cap/node_modules/@next/swc-linux-arm64-musl
421 silly reify mark deleted [
421 silly reify   '/Users/otisdoan/Documents/MLN111/dau-tranh-giai-cap/node_modules/@next/swc-linux-arm64-musl'
421 silly reify ]
422 verbose reify failed optional dependency /Users/otisdoan/Documents/MLN111/dau-tranh-giai-cap/node_modules/@next/swc-linux-arm64-gnu
423 silly reify mark deleted [
423 silly reify   '/Users/otisdoan/Documents/MLN111/dau-tranh-giai-cap/node_modules/@next/swc-linux-arm64-gnu'
423 silly reify ]
424 verbose reify failed optional dependency /Users/otisdoan/Documents/MLN111/dau-tranh-giai-cap/node_modules/@next/swc-darwin-x64
425 silly reify mark deleted [
425 silly reify   '/Users/otisdoan/Documents/MLN111/dau-tranh-giai-cap/node_modules/@next/swc-darwin-x64'
425 silly reify ]
426 verbose reify failed optional dependency /Users/otisdoan/Documents/MLN111/dau-tranh-giai-cap/node_modules/@img/sharp-win32-x64
427 silly reify mark deleted [
427 silly reify   '/Users/otisdoan/Documents/MLN111/dau-tranh-giai-cap/node_modules/@img/sharp-win32-x64'
427 silly reify ]
428 verbose reify failed optional dependency /Users/otisdoan/Documents/MLN111/dau-tranh-giai-cap/node_modules/@img/sharp-win32-ia32
429 silly reify mark deleted [
429 silly reify   '/Users/otisdoan/Documents/MLN111/dau-tranh-giai-cap/node_modules/@img/sharp-win32-ia32'
429 silly reify ]
430 verbose reify failed optional dependency /Users/otisdoan/Documents/MLN111/dau-tranh-giai-cap/node_modules/@img/sharp-win32-arm64
431 silly reify mark deleted [
431 silly reify   '/Users/otisdoan/Documents/MLN111/dau-tranh-giai-cap/node_modules/@img/sharp-win32-arm64'
431 silly reify ]
432 verbose reify failed optional dependency /Users/otisdoan/Documents/MLN111/dau-tranh-giai-cap/node_modules/@img/sharp-wasm32
433 silly reify mark deleted [
433 silly reify   '/Users/otisdoan/Documents/MLN111/dau-tranh-giai-cap/node_modules/@img/sharp-wasm32'
433 silly reify ]
434 verbose reify failed optional dependency /Users/otisdoan/Documents/MLN111/dau-tranh-giai-cap/node_modules/@img/sharp-linuxmusl-x64
435 silly reify mark deleted [
435 silly reify   '/Users/otisdoan/Documents/MLN111/dau-tranh-giai-cap/node_modules/@img/sharp-linuxmusl-x64'
435 silly reify ]
436 verbose reify failed optional dependency /Users/otisdoan/Documents/MLN111/dau-tranh-giai-cap/node_modules/@img/sharp-linuxmusl-arm64
437 silly reify mark deleted [
437 silly reify   '/Users/otisdoan/Documents/MLN111/dau-tranh-giai-cap/node_modules/@img/sharp-linuxmusl-arm64'
437 silly reify ]
438 verbose reify failed optional dependency /Users/otisdoan/Documents/MLN111/dau-tranh-giai-cap/node_modules/@img/sharp-linux-x64
439 silly reify mark deleted [
439 silly reify   '/Users/otisdoan/Documents/MLN111/dau-tranh-giai-cap/node_modules/@img/sharp-linux-x64'
439 silly reify ]
440 verbose reify failed optional dependency /Users/otisdoan/Documents/MLN111/dau-tranh-giai-cap/node_modules/@img/sharp-linux-s390x
441 silly reify mark deleted [
441 silly reify   '/Users/otisdoan/Documents/MLN111/dau-tranh-giai-cap/node_modules/@img/sharp-linux-s390x'
441 silly reify ]
442 verbose reify failed optional dependency /Users/otisdoan/Documents/MLN111/dau-tranh-giai-cap/node_modules/@img/sharp-linux-riscv64
443 silly reify mark deleted [
443 silly reify   '/Users/otisdoan/Documents/MLN111/dau-tranh-giai-cap/node_modules/@img/sharp-linux-riscv64'
443 silly reify ]
444 verbose reify failed optional dependency /Users/otisdoan/Documents/MLN111/dau-tranh-giai-cap/node_modules/@img/sharp-linux-ppc64
445 silly reify mark deleted [
445 silly reify   '/Users/otisdoan/Documents/MLN111/dau-tranh-giai-cap/node_modules/@img/sharp-linux-ppc64'
445 silly reify ]
446 verbose reify failed optional dependency /Users/otisdoan/Documents/MLN111/dau-tranh-giai-cap/node_modules/@img/sharp-linux-arm64
447 silly reify mark deleted [
447 silly reify   '/Users/otisdoan/Documents/MLN111/dau-tranh-giai-cap/node_modules/@img/sharp-linux-arm64'
447 silly reify ]
448 verbose reify failed optional dependency /Users/otisdoan/Documents/MLN111/dau-tranh-giai-cap/node_modules/@img/sharp-linux-arm
449 silly reify mark deleted [
449 silly reify   '/Users/otisdoan/Documents/MLN111/dau-tranh-giai-cap/node_modules/@img/sharp-linux-arm'
449 silly reify ]
450 verbose reify failed optional dependency /Users/otisdoan/Documents/MLN111/dau-tranh-giai-cap/node_modules/@img/sharp-libvips-linuxmusl-x64
451 silly reify mark deleted [
451 silly reify   '/Users/otisdoan/Documents/MLN111/dau-tranh-giai-cap/node_modules/@img/sharp-libvips-linuxmusl-x64'
451 silly reify ]
452 verbose reify failed optional dependency /Users/otisdoan/Documents/MLN111/dau-tranh-giai-cap/node_modules/@img/sharp-libvips-linuxmusl-arm64
453 silly reify mark deleted [
453 silly reify   '/Users/otisdoan/Documents/MLN111/dau-tranh-giai-cap/node_modules/@img/sharp-libvips-linuxmusl-arm64'
453 silly reify ]
454 verbose reify failed optional dependency /Users/otisdoan/Documents/MLN111/dau-tranh-giai-cap/node_modules/@img/sharp-libvips-linux-x64
455 silly reify mark deleted [
455 silly reify   '/Users/otisdoan/Documents/MLN111/dau-tranh-giai-cap/node_modules/@img/sharp-libvips-linux-x64'
455 silly reify ]
456 verbose reify failed optional dependency /Users/otisdoan/Documents/MLN111/dau-tranh-giai-cap/node_modules/@img/sharp-libvips-linux-s390x
457 silly reify mark deleted [
457 silly reify   '/Users/otisdoan/Documents/MLN111/dau-tranh-giai-cap/node_modules/@img/sharp-libvips-linux-s390x'
457 silly reify ]
458 verbose reify failed optional dependency /Users/otisdoan/Documents/MLN111/dau-tranh-giai-cap/node_modules/@img/sharp-libvips-linux-riscv64
459 silly reify mark deleted [
459 silly reify   '/Users/otisdoan/Documents/MLN111/dau-tranh-giai-cap/node_modules/@img/sharp-libvips-linux-riscv64'
459 silly reify ]
460 verbose reify failed optional dependency /Users/otisdoan/Documents/MLN111/dau-tranh-giai-cap/node_modules/@img/sharp-libvips-linux-ppc64
461 silly reify mark deleted [
461 silly reify   '/Users/otisdoan/Documents/MLN111/dau-tranh-giai-cap/node_modules/@img/sharp-libvips-linux-ppc64'
461 silly reify ]
462 verbose reify failed optional dependency /Users/otisdoan/Documents/MLN111/dau-tranh-giai-cap/node_modules/@img/sharp-libvips-linux-arm64
463 silly reify mark deleted [
463 silly reify   '/Users/otisdoan/Documents/MLN111/dau-tranh-giai-cap/node_modules/@img/sharp-libvips-linux-arm64'
463 silly reify ]
464 verbose reify failed optional dependency /Users/otisdoan/Documents/MLN111/dau-tranh-giai-cap/node_modules/@img/sharp-libvips-linux-arm
465 silly reify mark deleted [
465 silly reify   '/Users/otisdoan/Documents/MLN111/dau-tranh-giai-cap/node_modules/@img/sharp-libvips-linux-arm'
465 silly reify ]
466 verbose reify failed optional dependency /Users/otisdoan/Documents/MLN111/dau-tranh-giai-cap/node_modules/@img/sharp-libvips-darwin-x64
467 silly reify mark deleted [
467 silly reify   '/Users/otisdoan/Documents/MLN111/dau-tranh-giai-cap/node_modules/@img/sharp-libvips-darwin-x64'
467 silly reify ]
468 verbose reify failed optional dependency /Users/otisdoan/Documents/MLN111/dau-tranh-giai-cap/node_modules/@img/sharp-darwin-x64
469 silly reify mark deleted [
469 silly reify   '/Users/otisdoan/Documents/MLN111/dau-tranh-giai-cap/node_modules/@img/sharp-darwin-x64'
469 silly reify ]
470 http cache d3-timer@https://registry.npmjs.org/d3-timer/-/d3-timer-3.0.1.tgz 0ms (cache hit)
471 http cache use-sync-external-store@https://registry.npmjs.org/use-sync-external-store/-/use-sync-external-store-1.6.0.tgz 0ms (cache hit)
472 http cache d3-ease@https://registry.npmjs.org/d3-ease/-/d3-ease-3.0.1.tgz 0ms (cache hit)
473 http cache d3-transition@https://registry.npmjs.org/d3-transition/-/d3-transition-3.0.1.tgz 0ms (cache hit)
474 http cache @types/geojson@https://registry.npmjs.org/@types/geojson/-/geojson-7946.0.16.tgz 0ms (cache hit)
475 http cache @types/d3-transition@https://registry.npmjs.org/@types/d3-transition/-/d3-transition-3.0.9.tgz 0ms (cache hit)
476 http cache d3-color@https://registry.npmjs.org/d3-color/-/d3-color-3.1.0.tgz 0ms (cache hit)
477 http cache @types/d3-timer@https://registry.npmjs.org/@types/d3-timer/-/d3-timer-3.0.2.tgz 0ms (cache hit)
478 http cache d3-interpolate@https://registry.npmjs.org/d3-interpolate/-/d3-interpolate-3.0.1.tgz 0ms (cache hit)
479 http cache @types/d3-time-format@https://registry.npmjs.org/@types/d3-time-format/-/d3-time-format-4.0.3.tgz 0ms (cache hit)
480 http cache @types/d3-scale-chromatic@https://registry.npmjs.org/@types/d3-scale-chromatic/-/d3-scale-chromatic-3.1.0.tgz 0ms (cache hit)
481 http cache @types/d3-time@https://registry.npmjs.org/@types/d3-time/-/d3-time-3.0.4.tgz 0ms (cache hit)
482 http cache d3-dispatch@https://registry.npmjs.org/d3-dispatch/-/d3-dispatch-3.0.1.tgz 0ms (cache hit)
483 http cache @types/d3-random@https://registry.npmjs.org/@types/d3-random/-/d3-random-3.0.3.tgz 0ms (cache hit)
484 http cache @types/d3-quadtree@https://registry.npmjs.org/@types/d3-quadtree/-/d3-quadtree-3.0.6.tgz 0ms (cache hit)
485 http cache @types/d3-shape@https://registry.npmjs.org/@types/d3-shape/-/d3-shape-3.1.7.tgz 0ms (cache hit)
486 http cache @types/d3-interpolate@https://registry.npmjs.org/@types/d3-interpolate/-/d3-interpolate-3.0.4.tgz 0ms (cache hit)
487 http cache @types/d3-path@https://registry.npmjs.org/@types/d3-path/-/d3-path-3.1.1.tgz 0ms (cache hit)
488 http cache @types/d3-scale@https://registry.npmjs.org/@types/d3-scale/-/d3-scale-4.0.9.tgz 0ms (cache hit)
489 http cache @types/d3-polygon@https://registry.npmjs.org/@types/d3-polygon/-/d3-polygon-3.0.2.tgz 0ms (cache hit)
490 http cache @types/d3-hierarchy@https://registry.npmjs.org/@types/d3-hierarchy/-/d3-hierarchy-3.1.7.tgz 0ms (cache hit)
491 http cache @types/d3-format@https://registry.npmjs.org/@types/d3-format/-/d3-format-3.0.4.tgz 0ms (cache hit)
492 http cache @types/d3-geo@https://registry.npmjs.org/@types/d3-geo/-/d3-geo-3.1.0.tgz 0ms (cache hit)
493 http cache @types/d3-ease@https://registry.npmjs.org/@types/d3-ease/-/d3-ease-3.0.2.tgz 0ms (cache hit)
494 http cache @types/d3-dsv@https://registry.npmjs.org/@types/d3-dsv/-/d3-dsv-3.0.7.tgz 0ms (cache hit)
495 http cache @types/d3-force@https://registry.npmjs.org/@types/d3-force/-/d3-force-3.0.10.tgz 0ms (cache hit)
496 http cache @types/d3-delaunay@https://registry.npmjs.org/@types/d3-delaunay/-/d3-delaunay-6.0.4.tgz 0ms (cache hit)
497 http cache @types/d3-dispatch@https://registry.npmjs.org/@types/d3-dispatch/-/d3-dispatch-3.0.7.tgz 0ms (cache hit)
498 http cache @types/d3-contour@https://registry.npmjs.org/@types/d3-contour/-/d3-contour-3.0.6.tgz 0ms (cache hit)
499 http cache @types/d3-fetch@https://registry.npmjs.org/@types/d3-fetch/-/d3-fetch-3.0.7.tgz 0ms (cache hit)
500 http cache @types/d3-chord@https://registry.npmjs.org/@types/d3-chord/-/d3-chord-3.0.6.tgz 0ms (cache hit)
501 http cache @types/d3-axis@https://registry.npmjs.org/@types/d3-axis/-/d3-axis-3.0.6.tgz 0ms (cache hit)
502 http cache @types/d3-color@https://registry.npmjs.org/@types/d3-color/-/d3-color-3.1.3.tgz 0ms (cache hit)
503 http cache @types/d3-array@https://registry.npmjs.org/@types/d3-array/-/d3-array-3.2.2.tgz 0ms (cache hit)
504 http cache d3-drag@https://registry.npmjs.org/d3-drag/-/d3-drag-3.0.0.tgz 0ms (cache hit)
505 http cache d3-selection@https://registry.npmjs.org/d3-selection/-/d3-selection-3.0.0.tgz 0ms (cache hit)
506 http cache @types/d3-brush@https://registry.npmjs.org/@types/d3-brush/-/d3-brush-3.0.6.tgz 0ms (cache hit)
507 http cache @types/d3-zoom@https://registry.npmjs.org/@types/d3-zoom/-/d3-zoom-3.0.8.tgz 0ms (cache hit)
508 http cache @types/d3-selection@https://registry.npmjs.org/@types/d3-selection/-/d3-selection-3.0.11.tgz 0ms (cache hit)
509 http cache @types/d3@https://registry.npmjs.org/@types/d3/-/d3-7.4.3.tgz 0ms (cache hit)
510 http cache d3-zoom@https://registry.npmjs.org/d3-zoom/-/d3-zoom-3.0.0.tgz 0ms (cache hit)
511 http cache classcat@https://registry.npmjs.org/classcat/-/classcat-5.0.5.tgz 0ms (cache hit)
512 http cache @reactflow/node-toolbar@https://registry.npmjs.org/@reactflow/node-toolbar/-/node-toolbar-1.3.14.tgz 0ms (cache hit)
513 http cache zustand@https://registry.npmjs.org/zustand/-/zustand-4.5.7.tgz 0ms (cache hit)
514 http cache @reactflow/node-resizer@https://registry.npmjs.org/@reactflow/node-resizer/-/node-resizer-2.2.14.tgz 0ms (cache hit)
515 http cache @reactflow/minimap@https://registry.npmjs.org/@reactflow/minimap/-/minimap-11.7.14.tgz 0ms (cache hit)
516 http cache @reactflow/controls@https://registry.npmjs.org/@reactflow/controls/-/controls-11.2.14.tgz 0ms (cache hit)
517 http cache @reactflow/core@https://registry.npmjs.org/@reactflow/core/-/core-11.11.4.tgz 0ms (cache hit)
518 http cache @types/d3-drag@https://registry.npmjs.org/@types/d3-drag/-/d3-drag-3.0.7.tgz 0ms (cache hit)
519 silly tarball no local data for d3-timer@https://registry.npmjs.org/d3-timer/-/d3-timer-3.0.1.tgz. Extracting by manifest.
520 silly tarball no local data for use-sync-external-store@https://registry.npmjs.org/use-sync-external-store/-/use-sync-external-store-1.6.0.tgz. Extracting by manifest.
521 silly tarball no local data for d3-ease@https://registry.npmjs.org/d3-ease/-/d3-ease-3.0.1.tgz. Extracting by manifest.
522 http cache @reactflow/background@https://registry.npmjs.org/@reactflow/background/-/background-11.3.14.tgz 0ms (cache hit)
523 silly tarball no local data for d3-transition@https://registry.npmjs.org/d3-transition/-/d3-transition-3.0.1.tgz. Extracting by manifest.
524 silly tarball no local data for @types/geojson@https://registry.npmjs.org/@types/geojson/-/geojson-7946.0.16.tgz. Extracting by manifest.
525 silly tarball no local data for @types/d3-transition@https://registry.npmjs.org/@types/d3-transition/-/d3-transition-3.0.9.tgz. Extracting by manifest.
526 silly tarball no local data for d3-color@https://registry.npmjs.org/d3-color/-/d3-color-3.1.0.tgz. Extracting by manifest.
527 silly tarball no local data for @types/d3-timer@https://registry.npmjs.org/@types/d3-timer/-/d3-timer-3.0.2.tgz. Extracting by manifest.
528 silly tarball no local data for d3-interpolate@https://registry.npmjs.org/d3-interpolate/-/d3-interpolate-3.0.1.tgz. Extracting by manifest.
529 silly tarball no local data for @types/d3-time-format@https://registry.npmjs.org/@types/d3-time-format/-/d3-time-format-4.0.3.tgz. Extracting by manifest.
530 silly tarball no local data for @types/d3-scale-chromatic@https://registry.npmjs.org/@types/d3-scale-chromatic/-/d3-scale-chromatic-3.1.0.tgz. Extracting by manifest.
531 silly tarball no local data for @types/d3-time@https://registry.npmjs.org/@types/d3-time/-/d3-time-3.0.4.tgz. Extracting by manifest.
532 silly tarball no local data for d3-dispatch@https://registry.npmjs.org/d3-dispatch/-/d3-dispatch-3.0.1.tgz. Extracting by manifest.
533 silly tarball no local data for @types/d3-random@https://registry.npmjs.org/@types/d3-random/-/d3-random-3.0.3.tgz. Extracting by manifest.
534 silly tarball no local data for @types/d3-quadtree@https://registry.npmjs.org/@types/d3-quadtree/-/d3-quadtree-3.0.6.tgz. Extracting by manifest.
535 silly tarball no local data for @types/d3-shape@https://registry.npmjs.org/@types/d3-shape/-/d3-shape-3.1.7.tgz. Extracting by manifest.
536 silly tarball no local data for @types/d3-interpolate@https://registry.npmjs.org/@types/d3-interpolate/-/d3-interpolate-3.0.4.tgz. Extracting by manifest.
537 silly tarball no local data for @types/d3-path@https://registry.npmjs.org/@types/d3-path/-/d3-path-3.1.1.tgz. Extracting by manifest.
538 silly tarball no local data for @types/d3-scale@https://registry.npmjs.org/@types/d3-scale/-/d3-scale-4.0.9.tgz. Extracting by manifest.
539 silly tarball no local data for @types/d3-polygon@https://registry.npmjs.org/@types/d3-polygon/-/d3-polygon-3.0.2.tgz. Extracting by manifest.
540 silly tarball no local data for @types/d3-hierarchy@https://registry.npmjs.org/@types/d3-hierarchy/-/d3-hierarchy-3.1.7.tgz. Extracting by manifest.
541 silly tarball no local data for @types/d3-format@https://registry.npmjs.org/@types/d3-format/-/d3-format-3.0.4.tgz. Extracting by manifest.
542 http cache reactflow@https://registry.npmjs.org/reactflow/-/reactflow-11.11.4.tgz 0ms (cache hit)
543 silly tarball no local data for @types/d3-geo@https://registry.npmjs.org/@types/d3-geo/-/d3-geo-3.1.0.tgz. Extracting by manifest.
544 silly tarball no local data for @types/d3-ease@https://registry.npmjs.org/@types/d3-ease/-/d3-ease-3.0.2.tgz. Extracting by manifest.
545 silly tarball no local data for @types/d3-dsv@https://registry.npmjs.org/@types/d3-dsv/-/d3-dsv-3.0.7.tgz. Extracting by manifest.
546 silly tarball no local data for @types/d3-force@https://registry.npmjs.org/@types/d3-force/-/d3-force-3.0.10.tgz. Extracting by manifest.
547 silly tarball no local data for @types/d3-delaunay@https://registry.npmjs.org/@types/d3-delaunay/-/d3-delaunay-6.0.4.tgz. Extracting by manifest.
548 silly tarball no local data for @types/d3-dispatch@https://registry.npmjs.org/@types/d3-dispatch/-/d3-dispatch-3.0.7.tgz. Extracting by manifest.
549 silly tarball no local data for @types/d3-contour@https://registry.npmjs.org/@types/d3-contour/-/d3-contour-3.0.6.tgz. Extracting by manifest.
550 silly tarball no local data for @types/d3-fetch@https://registry.npmjs.org/@types/d3-fetch/-/d3-fetch-3.0.7.tgz. Extracting by manifest.
551 silly tarball no local data for @types/d3-chord@https://registry.npmjs.org/@types/d3-chord/-/d3-chord-3.0.6.tgz. Extracting by manifest.
552 silly tarball no local data for @types/d3-axis@https://registry.npmjs.org/@types/d3-axis/-/d3-axis-3.0.6.tgz. Extracting by manifest.
553 silly tarball no local data for @types/d3-color@https://registry.npmjs.org/@types/d3-color/-/d3-color-3.1.3.tgz. Extracting by manifest.
554 silly tarball no local data for @types/d3-array@https://registry.npmjs.org/@types/d3-array/-/d3-array-3.2.2.tgz. Extracting by manifest.
555 silly tarball no local data for d3-drag@https://registry.npmjs.org/d3-drag/-/d3-drag-3.0.0.tgz. Extracting by manifest.
556 silly tarball no local data for d3-selection@https://registry.npmjs.org/d3-selection/-/d3-selection-3.0.0.tgz. Extracting by manifest.
557 silly tarball no local data for @types/d3-brush@https://registry.npmjs.org/@types/d3-brush/-/d3-brush-3.0.6.tgz. Extracting by manifest.
558 silly tarball no local data for @types/d3-zoom@https://registry.npmjs.org/@types/d3-zoom/-/d3-zoom-3.0.8.tgz. Extracting by manifest.
559 silly tarball no local data for @types/d3-selection@https://registry.npmjs.org/@types/d3-selection/-/d3-selection-3.0.11.tgz. Extracting by manifest.
560 silly tarball no local data for @types/d3@https://registry.npmjs.org/@types/d3/-/d3-7.4.3.tgz. Extracting by manifest.
561 silly tarball no local data for d3-zoom@https://registry.npmjs.org/d3-zoom/-/d3-zoom-3.0.0.tgz. Extracting by manifest.
562 silly tarball no local data for classcat@https://registry.npmjs.org/classcat/-/classcat-5.0.5.tgz. Extracting by manifest.
563 silly tarball no local data for @reactflow/node-toolbar@https://registry.npmjs.org/@reactflow/node-toolbar/-/node-toolbar-1.3.14.tgz. Extracting by manifest.
564 silly tarball no local data for zustand@https://registry.npmjs.org/zustand/-/zustand-4.5.7.tgz. Extracting by manifest.
565 silly tarball no local data for @reactflow/node-resizer@https://registry.npmjs.org/@reactflow/node-resizer/-/node-resizer-2.2.14.tgz. Extracting by manifest.
566 silly tarball no local data for @reactflow/minimap@https://registry.npmjs.org/@reactflow/minimap/-/minimap-11.7.14.tgz. Extracting by manifest.
567 silly tarball no local data for @reactflow/controls@https://registry.npmjs.org/@reactflow/controls/-/controls-11.2.14.tgz. Extracting by manifest.
568 silly tarball no local data for @reactflow/core@https://registry.npmjs.org/@reactflow/core/-/core-11.11.4.tgz. Extracting by manifest.
569 silly tarball no local data for @types/d3-drag@https://registry.npmjs.org/@types/d3-drag/-/d3-drag-3.0.7.tgz. Extracting by manifest.
570 silly tarball no local data for @reactflow/background@https://registry.npmjs.org/@reactflow/background/-/background-11.3.14.tgz. Extracting by manifest.
571 silly tarball no local data for reactflow@https://registry.npmjs.org/reactflow/-/reactflow-11.11.4.tgz. Extracting by manifest.
572 http fetch GET 200 https://registry.npmjs.org/d3-timer/-/d3-timer-3.0.1.tgz 97ms (cache miss)
573 http fetch GET 200 https://registry.npmjs.org/use-sync-external-store/-/use-sync-external-store-1.6.0.tgz 112ms (cache miss)
574 http fetch GET 200 https://registry.npmjs.org/d3-ease/-/d3-ease-3.0.1.tgz 125ms (cache miss)
575 http fetch GET 200 https://registry.npmjs.org/d3-color/-/d3-color-3.1.0.tgz 124ms (cache miss)
576 http fetch GET 200 https://registry.npmjs.org/@types/d3-timer/-/d3-timer-3.0.2.tgz 134ms (cache miss)
577 http fetch GET 200 https://registry.npmjs.org/@types/geojson/-/geojson-7946.0.16.tgz 136ms (cache miss)
578 http fetch GET 200 https://registry.npmjs.org/@types/d3-transition/-/d3-transition-3.0.9.tgz 141ms (cache miss)
579 http fetch GET 200 https://registry.npmjs.org/d3-transition/-/d3-transition-3.0.1.tgz 142ms (cache miss)
580 http fetch GET 200 https://registry.npmjs.org/@types/d3-quadtree/-/d3-quadtree-3.0.6.tgz 197ms (cache miss)
581 http fetch GET 200 https://registry.npmjs.org/@types/d3-shape/-/d3-shape-3.1.7.tgz 213ms (cache miss)
582 http fetch GET 200 https://registry.npmjs.org/@types/d3-interpolate/-/d3-interpolate-3.0.4.tgz 221ms (cache miss)
583 http fetch GET 200 https://registry.npmjs.org/@types/d3-path/-/d3-path-3.1.1.tgz 229ms (cache miss)
584 http fetch GET 200 https://registry.npmjs.org/@types/d3-polygon/-/d3-polygon-3.0.2.tgz 229ms (cache miss)
585 http fetch GET 200 https://registry.npmjs.org/@types/d3-hierarchy/-/d3-hierarchy-3.1.7.tgz 232ms (cache miss)
586 http fetch GET 200 https://registry.npmjs.org/@types/d3-scale/-/d3-scale-4.0.9.tgz 257ms (cache miss)
587 http fetch GET 200 https://registry.npmjs.org/@types/d3-format/-/d3-format-3.0.4.tgz 260ms (cache miss)
588 http fetch POST 200 https://registry.npmjs.org/-/npm/v1/security/advisories/bulk 280ms
589 silly audit report {}
590 http fetch GET 200 https://registry.npmjs.org/@types/d3-geo/-/d3-geo-3.1.0.tgz 303ms (cache miss)
591 http fetch GET 200 https://registry.npmjs.org/@types/d3-scale-chromatic/-/d3-scale-chromatic-3.1.0.tgz 305ms (cache miss)
592 http fetch GET 200 https://registry.npmjs.org/d3-dispatch/-/d3-dispatch-3.0.1.tgz 306ms (cache miss)
593 http fetch GET 200 https://registry.npmjs.org/@types/d3-ease/-/d3-ease-3.0.2.tgz 308ms (cache miss)
594 http fetch GET 200 https://registry.npmjs.org/@types/d3-time-format/-/d3-time-format-4.0.3.tgz 309ms (cache miss)
595 http fetch GET 200 https://registry.npmjs.org/d3-interpolate/-/d3-interpolate-3.0.1.tgz 316ms (cache miss)
596 http fetch GET 200 https://registry.npmjs.org/@types/d3-time/-/d3-time-3.0.4.tgz 329ms (cache miss)
597 http fetch GET 200 https://registry.npmjs.org/@types/d3-random/-/d3-random-3.0.3.tgz 329ms (cache miss)
598 http fetch GET 200 https://registry.npmjs.org/@types/d3-force/-/d3-force-3.0.10.tgz 333ms (cache miss)
599 http fetch GET 200 https://registry.npmjs.org/@types/d3-delaunay/-/d3-delaunay-6.0.4.tgz 348ms (cache miss)
600 http fetch GET 200 https://registry.npmjs.org/@types/d3-dispatch/-/d3-dispatch-3.0.7.tgz 349ms (cache miss)
601 http fetch GET 200 https://registry.npmjs.org/@types/d3-dsv/-/d3-dsv-3.0.7.tgz 349ms (cache miss)
602 http fetch GET 200 https://registry.npmjs.org/@types/d3-contour/-/d3-contour-3.0.6.tgz 375ms (cache miss)
603 http fetch GET 200 https://registry.npmjs.org/@types/d3-chord/-/d3-chord-3.0.6.tgz 375ms (cache miss)
604 http fetch GET 200 https://registry.npmjs.org/@types/d3-fetch/-/d3-fetch-3.0.7.tgz 396ms (cache miss)
605 http fetch GET 200 https://registry.npmjs.org/d3-selection/-/d3-selection-3.0.0.tgz 405ms (cache miss)
606 http fetch GET 200 https://registry.npmjs.org/d3-drag/-/d3-drag-3.0.0.tgz 411ms (cache miss)
607 http fetch GET 200 https://registry.npmjs.org/@types/d3-axis/-/d3-axis-3.0.6.tgz 413ms (cache miss)
608 http fetch GET 200 https://registry.npmjs.org/@types/d3-color/-/d3-color-3.1.3.tgz 420ms (cache miss)
609 http fetch GET 200 https://registry.npmjs.org/@types/d3-array/-/d3-array-3.2.2.tgz 420ms (cache miss)
610 http fetch GET 200 https://registry.npmjs.org/@types/d3/-/d3-7.4.3.tgz 422ms (cache miss)
611 http fetch GET 200 https://registry.npmjs.org/@types/d3-brush/-/d3-brush-3.0.6.tgz 426ms (cache miss)
612 http fetch GET 200 https://registry.npmjs.org/@types/d3-selection/-/d3-selection-3.0.11.tgz 466ms (cache miss)
613 http fetch GET 200 https://registry.npmjs.org/@types/d3-zoom/-/d3-zoom-3.0.8.tgz 468ms (cache miss)
614 http fetch GET 200 https://registry.npmjs.org/d3-zoom/-/d3-zoom-3.0.0.tgz 469ms (cache miss)
615 http fetch GET 200 https://registry.npmjs.org/classcat/-/classcat-5.0.5.tgz 490ms (cache miss)
616 http fetch GET 200 https://registry.npmjs.org/zustand/-/zustand-4.5.7.tgz 498ms (cache miss)
617 http fetch GET 200 https://registry.npmjs.org/@reactflow/node-toolbar/-/node-toolbar-1.3.14.tgz 507ms (cache miss)
618 http fetch GET 200 https://registry.npmjs.org/@reactflow/node-resizer/-/node-resizer-2.2.14.tgz 516ms (cache miss)
619 http fetch GET 200 https://registry.npmjs.org/@types/d3-drag/-/d3-drag-3.0.7.tgz 531ms (cache miss)
620 http fetch GET 200 https://registry.npmjs.org/reactflow/-/reactflow-11.11.4.tgz 541ms (cache miss)
621 http fetch GET 200 https://registry.npmjs.org/@reactflow/background/-/background-11.3.14.tgz 548ms (cache miss)
622 http fetch GET 200 https://registry.npmjs.org/@reactflow/controls/-/controls-11.2.14.tgz 551ms (cache miss)
623 http fetch GET 200 https://registry.npmjs.org/@reactflow/minimap/-/minimap-11.7.14.tgz 580ms (cache miss)
624 http fetch GET 200 https://registry.npmjs.org/@reactflow/core/-/core-11.11.4.tgz 657ms (cache miss)
625 silly ADD node_modules/use-sync-external-store
626 silly ADD node_modules/d3-timer
627 silly ADD node_modules/d3-ease
628 silly ADD node_modules/d3-color
629 silly ADD node_modules/d3-transition
630 silly ADD node_modules/d3-interpolate
631 silly ADD node_modules/d3-dispatch
632 silly ADD node_modules/@types/geojson
633 silly ADD node_modules/@types/d3-transition
634 silly ADD node_modules/@types/d3-timer
635 silly ADD node_modules/@types/d3-time-format
636 silly ADD node_modules/@types/d3-time
637 silly ADD node_modules/@types/d3-shape
638 silly ADD node_modules/@types/d3-scale-chromatic
639 silly ADD node_modules/@types/d3-scale
640 silly ADD node_modules/@types/d3-random
641 silly ADD node_modules/@types/d3-quadtree
642 silly ADD node_modules/@types/d3-polygon
643 silly ADD node_modules/@types/d3-path
644 silly ADD node_modules/@types/d3-interpolate
645 silly ADD node_modules/@types/d3-hierarchy
646 silly ADD node_modules/@types/d3-geo
647 silly ADD node_modules/@types/d3-format
648 silly ADD node_modules/@types/d3-force
649 silly ADD node_modules/@types/d3-fetch
650 silly ADD node_modules/@types/d3-ease
651 silly ADD node_modules/@types/d3-dsv
652 silly ADD node_modules/@types/d3-dispatch
653 silly ADD node_modules/@types/d3-delaunay
654 silly ADD node_modules/@types/d3-contour
655 silly ADD node_modules/@types/d3-color
656 silly ADD node_modules/@types/d3-chord
657 silly ADD node_modules/@types/d3-brush
658 silly ADD node_modules/@types/d3-axis
659 silly ADD node_modules/@types/d3-array
660 silly ADD node_modules/d3-zoom
661 silly ADD node_modules/d3-selection
662 silly ADD node_modules/d3-drag
663 silly ADD node_modules/@types/d3-zoom
664 silly ADD node_modules/@types/d3-selection
665 silly ADD node_modules/@types/d3-drag
666 silly ADD node_modules/@types/d3
667 silly ADD node_modules/zustand
668 silly ADD node_modules/classcat
669 silly ADD node_modules/@reactflow/node-toolbar
670 silly ADD node_modules/@reactflow/node-resizer
671 silly ADD node_modules/@reactflow/minimap
672 silly ADD node_modules/@reactflow/core
673 silly ADD node_modules/@reactflow/controls
674 silly ADD node_modules/@reactflow/background
675 silly ADD node_modules/reactflow
676 silly ADD
677 silly ADD
678 silly ADD
679 silly ADD
680 silly ADD
681 silly ADD
682 silly ADD
683 silly ADD
684 silly ADD
685 silly ADD
686 silly ADD
687 silly ADD
688 silly ADD
689 silly ADD
690 silly ADD
691 silly ADD
692 silly ADD
693 silly ADD
694 silly ADD
695 silly ADD
696 silly ADD
697 silly ADD
698 silly ADD
699 silly ADD
700 silly ADD
701 silly ADD
702 silly ADD
703 silly ADD
704 silly ADD
705 silly ADD
706 silly ADD
707 silly ADD
708 silly ADD
709 silly ADD
710 silly ADD
711 silly ADD
712 silly ADD
713 silly ADD
714 silly ADD
715 silly ADD
716 silly ADD
717 silly ADD
718 silly ADD
719 silly ADD
720 silly ADD
721 silly ADD
722 silly ADD
723 silly ADD
724 silly ADD
725 silly ADD
726 verbose cwd /Users/otisdoan/Documents/MLN111/dau-tranh-giai-cap
727 verbose os Darwin 25.1.0
728 verbose node v22.16.0
729 verbose npm  v10.9.2
730 verbose exit 0
731 info ok
