0 verbose cli /usr/local/bin/node /usr/local/bin/npm
1 info using npm@10.9.2
2 info using node@v22.16.0
3 silly config load:file:/usr/local/lib/node_modules/npm/npmrc
4 silly config load:file:/Users/otisdoan/Documents/MLN111/dau-tranh-giai-cap/.npmrc
5 silly config load:file:/Users/otisdoan/.npmrc
6 silly config load:file:/usr/local/etc/npmrc
7 verbose title npm install @blink-mind/core @blink-mind/renderer-react
8 verbose argv "install" "@blink-mind/core" "@blink-mind/renderer-react" "--cache" ".npm-cache"
9 verbose logfile logs-max:10 dir:/Users/otisdoan/Documents/MLN111/dau-tranh-giai-cap/.npm-cache/_logs/2025-12-10T10_16_22_772Z-
10 verbose logfile /Users/otisdoan/Documents/MLN111/dau-tranh-giai-cap/.npm-cache/_logs/2025-12-10T10_16_22_772Z-debug-0.log
11 silly logfile done cleaning log files
12 silly packumentCache heap:4345298944 maxSize:1086324736 maxEntrySize:543162368
13 silly idealTree buildDeps
14 silly fetch manifest @blink-mind/core@*
15 silly packumentCache full:https://registry.npmjs.org/@blink-mind%2fcore cache-miss
16 http fetch GET 200 https://registry.npmjs.org/@blink-mind%2fcore 338ms (cache miss)
17 silly packumentCache full:https://registry.npmjs.org/@blink-mind%2fcore set size:undefined disposed:false
18 silly fetch manifest debug@2.6.9
19 silly packumentCache full:https://registry.npmjs.org/debug cache-miss
20 http fetch GET 200 https://registry.npmjs.org/npm 425ms
21 http fetch GET 200 https://registry.npmjs.org/debug 132ms (cache miss)
22 silly packumentCache full:https://registry.npmjs.org/debug set size:undefined disposed:false
23 silly fetch manifest tiny-warning@^1.0.3
24 silly packumentCache full:https://registry.npmjs.org/tiny-warning cache-miss
25 http fetch GET 200 https://registry.npmjs.org/tiny-warning 87ms (cache miss)
26 silly packumentCache full:https://registry.npmjs.org/tiny-warning set size:undefined disposed:false
27 silly fetch manifest @blink-mind/renderer-react@*
28 silly packumentCache full:https://registry.npmjs.org/@blink-mind%2frenderer-react cache-miss
29 http fetch GET 200 https://registry.npmjs.org/@blink-mind%2frenderer-react 140ms (cache miss)
30 silly packumentCache full:https://registry.npmjs.org/@blink-mind%2frenderer-react set size:undefined disposed:false
31 silly fetch manifest debug@*
32 silly packumentCache full:https://registry.npmjs.org/debug cache-miss
33 http cache https://registry.npmjs.org/debug 5ms (cache hit)
34 silly packumentCache full:https://registry.npmjs.org/debug set size:195840 disposed:false
35 silly fetch manifest react@19.2.1
36 silly packumentCache full:https://registry.npmjs.org/react cache-miss
37 http fetch GET 200 https://registry.npmjs.org/react 272ms (cache miss)
38 silly packumentCache full:https://registry.npmjs.org/react set size:undefined disposed:false
39 silly fetch manifest react@^16.10.2
40 silly packumentCache full:https://registry.npmjs.org/react cache-miss
41 http cache https://registry.npmjs.org/react 7ms (cache hit)
42 silly packumentCache full:https://registry.npmjs.org/react set size:6316705 disposed:false
43 verbose stack Error: unable to resolve dependency tree
43 verbose stack     at #failPeerConflict (/usr/local/lib/node_modules/npm/node_modules/@npmcli/arborist/lib/arborist/build-ideal-tree.js:1363:25)
43 verbose stack     at #loadPeerSet (/usr/local/lib/node_modules/npm/node_modules/@npmcli/arborist/lib/arborist/build-ideal-tree.js:1329:33)
43 verbose stack     at async #buildDepStep (/usr/local/lib/node_modules/npm/node_modules/@npmcli/arborist/lib/arborist/build-ideal-tree.js:904:11)
43 verbose stack     at async Arborist.buildIdealTree (/usr/local/lib/node_modules/npm/node_modules/@npmcli/arborist/lib/arborist/build-ideal-tree.js:181:7)
43 verbose stack     at async Promise.all (index 1)
43 verbose stack     at async Arborist.reify (/usr/local/lib/node_modules/npm/node_modules/@npmcli/arborist/lib/arborist/reify.js:131:5)
43 verbose stack     at async Install.exec (/usr/local/lib/node_modules/npm/lib/commands/install.js:150:5)
43 verbose stack     at async Npm.exec (/usr/local/lib/node_modules/npm/lib/npm.js:207:9)
43 verbose stack     at async module.exports (/usr/local/lib/node_modules/npm/lib/cli/entry.js:74:5)
44 error code ERESOLVE
45 error ERESOLVE unable to resolve dependency tree
46 error
47 error While resolving: dau-tranh-giai-cap@0.1.0
47 error Found: react@19.2.1
47 error node_modules/react
47 error   react@"19.2.1" from the root project
47 error
47 error Could not resolve dependency:
47 error peer react@"^16.10.2" from @blink-mind/renderer-react@0.0.19
47 error node_modules/@blink-mind/renderer-react
47 error   @blink-mind/renderer-react@"*" from the root project
47 error
47 error Fix the upstream dependency conflict, or retry
47 error this command with --force or --legacy-peer-deps
47 error to accept an incorrect (and potentially broken) dependency resolution.
48 error
48 error
48 error For a full report see:
48 error /Users/otisdoan/Documents/MLN111/dau-tranh-giai-cap/.npm-cache/_logs/2025-12-10T10_16_22_772Z-eresolve-report.txt
49 silly unfinished npm timer reify 1765361782865
50 silly unfinished npm timer reify:loadTrees 1765361782865
51 silly unfinished npm timer idealTree:buildDeps 1765361782877
52 silly unfinished npm timer idealTree:#root 1765361782877
53 verbose cwd /Users/otisdoan/Documents/MLN111/dau-tranh-giai-cap
54 verbose os Darwin 25.1.0
55 verbose node v22.16.0
56 verbose npm  v10.9.2
57 notice
57 notice New major version of npm available! 10.9.2 -> 11.7.0
57 notice Changelog: https://github.com/npm/cli/releases/tag/v11.7.0
57 notice To update run: npm install -g npm@11.7.0
57 notice  { force: true, [Symbol(proc-log.meta)]: true }
58 verbose exit 1
59 verbose code 1
60 error A complete log of this run can be found in: /Users/otisdoan/Documents/MLN111/dau-tranh-giai-cap/.npm-cache/_logs/2025-12-10T10_16_22_772Z-debug-0.log
